]0;🐍code.py | 9.0.5\9.26222
8.91718
6.78607
7.4668
9.83323
0.789955
7.54312
8.34354
4.14513
2.33276
0.600089
6.10497
8.94065
8.77348
8.97037
7.42401
3.52822
2.51096
6.90919
3.24146
7.99768
9.68045
7.16046
2.52118
6.68371
4.04352
9.83589
4.42378
2.5792
2.2484
8.58829
4.35939
6.96529
3.50135
2.06863
6.4132
1.97963
5.60489
7.46347
4.826
7.96028
5.77757
5.84542
9.11055
5.08214
8.58638
2.23618
7.20712
9.98128
1.33648
1.54709
8.62395
5.02229
5.62053
6.85157
2.5142
8.18607
6.74496
0.6589
3.3662
5.73532
2.38109
4.77615
9.49971
0.0030148
8.10307
9.08288
8.41865
6.59033
8.9512
3.97161
2.95098
8.31232
3.67585
6.69774
4.424
7.7302
4.86137
1.60066
1.86055
4.62492
1.52098
1.65506
8.03123
8.8301
2.14889
5.11122
3.38925
8.68459
5.36982
0.26186
4.31891
1.51727
8.51723
4.26539
8.62366
0.306494
9.19157
7.15767
7.48292
4.40214
8.30123
5.18729
1.69556
2.29745
9.20551
7.91136
7.61674
8.06243
7.11863
1.17134
8.82661
2.56828
1.66093
4.14862
5.3708
2.06494
2.59285
6.34806
8.57779
4.99806
7.37456
8.85381
2.79489
1.27118
8.95882
7.45598
0.715934
2.52919
3.25464
5.97378
9.76516
9.60188
8.35888
6.90293
1.76777
6.42518
0.929514
8.41064
0.806123
3.39701
1.53263
1.08175
8.79783
3.94396
5.801
4.45889
1.67912
0.872463
7.59899
0.219344
8.85133
9.75097
0.224658
9.64647
8.88965
6.66648
7.19519
4.90633
1.82161
1.80464
0.0983906
8.50167
1.51287
0.778424
9.05544
9.08217
6.54385
5.69415
0.992761
9.07911
3.98427
3.89136
2.97338
1.51708
2.33884
2.12072
6.46762
3.45293
5.32239
7.12306
0.737919
8.94229
1.25952
0.507263
2.62942
2.14443
1.94795
1.73285
4.08996
3.12541
1.6904
8.62263
4.75852
6.91605
4.84424
6.82437
5.98927
3.55535
3.25791
9.21486
5.27259
0.306137
1.42907
8.68784
7.1212
2.43564
6.71394
7.97295
3.74214
1.72088
5.99627
0.24533
1.93503
4.79797
6.51807
5.14869
3.48879
0.528682
9.3195
0.227641
6.30274
8.31468
9.79848
8.75971
6.41703
0.411111
8.60597
3.14189
6.24124
6.57751
5.30616
0.202937
4.12191
6.34645
4.43129
9.04149
6.15153
8.55746
3.54321
8.15382
5.38222
5.42234
2.508
8.6859
4.33013
4.49084
3.70164
4.55442
0.119497
2.80194
6.14979
9.36985
9.86231
9.61712
4.95642
8.89022
2.62848
8.01907
3.31077
7.8572
7.44838
7.78109
4.72301
4.58669
2.50744
8.16403
7.96095
9.8861
7.52297
7.89048
4.12882
0.928045
6.88461
3.29872
1.98243
4.13877
3.96341
8.98475
7.60905
4.60796
2.79038
0.91476
1.57871
2.24467
4.98324
4.03176
7.27323
2.00398
6.07059
6.16556
4.79627
7.23857
2.25167
5.36707
7.21795
0.946932
2.28
0.370713
5.18287
7.05157
7.26672
7.79433
8.30441
3.63759
6.61757
2.94524
6.56434
6.23863
6.21638
1.97975
0.718473
4.51476
2.61481
9.96799
8.08561
1.75181
8.61723
9.34174
9.04381
4.04086
1.02774
8.70144
5.73217
5.94223
4.64021
0.297161
8.7721
4.36265
3.16701
8.77531
7.04105
4.41574
8.54608
8.51121
2.20631
3.37289
7.17527
2.62407
7.72414
8.47891
0.462263
0.977052
1.60212
9.67073
0.947332
6.54811
1.80759
1.35033
7.8847
4.03242
6.89244
5.29771
1.67714
8.11073
2.37658
5.86827
2.11325
4.52447
2.20886
2.11873
6.54779
9.89961
2.03783
7.8552
7.45541
5.1136
7.08942
2.5944
5.12769
4.50548
3.76181
1.28499
5.11904
2.33798
1.26125
5.49708
2.37541
9.38267
8.26033
1.876
3.7953
8.45611
9.43461
2.46847
1.61003
9.17758
7.88296
3.47442
1.42278
9.45382
4.00561
9.91733
9.93652
0.791596
5.10809
7.04763
0.350804
2.683
2.47015
6.20191
4.58866
0.59267
1.6519
7.34305
7.95482
7.30267
3.7944
2.20158
5.41436
6.1652
1.6255
4.32881
5.70341
9.91708
7.32903
5.09657
6.29214
0.885406
9.34771
0.747709
3.03619
6.10219
2.57777
8.86617
1.95304
1.79963
0.107323
8.08508
6.97478
5.95183
6.50365
8.60028
8.55261
9.22675
3.04792
8.6344
2.57902
8.9299
2.18341
9.05699
2.77187
1.1802
1.50033
8.68116
7.22384
3.0363
2.87309
1.51389
5.8223
4.57755
0.983224
2.36929
5.6837
2.93244
7.05618
0.274612
2.92424
6.52655
5.72299
5.72537
2.64902
6.25454
0.0770402
5.34716
5.69393
7.43043
7.6236
9.44286
4.07287
1.63966
3.86038
7.05554
7.18964
6.20758
2.02465
6.75981
0.719545
0.20625
2.94407
5.35535
8.15481
6.73535
2.67234
3.78202
1.98663
0.524707
5.0169
8.03198
8.85868
1.35796
1.97807
2.77594
6.23251
8.09269
6.14509
9.96723
5.54646
7.74675
2.61896
2.38427
2.39526
6.67792
0.25243
7.68248
3.84863
0.199367
6.16527
4.70544
0.329984
7.45781
0.181574
0.159348
7.3603
0.0581682
2.57372
2.03526
3.31655
1.20178
5.09319
0.432283
7.35615
0.587286
3.73404
7.68623
4.41458
2.97984
2.03981
0.420749
4.25313
6.61661
2.98233
2.25179
9.39909
2.73465
1.27617
2.54547
6.23458
1.83426
5.55787
9.52673
2.1672
9.42714
1.77797
7.00369
4.17615
4.18542
1.06518
9.61531
5.87572
6.67282
2.15746
9.59266
4.29459
9.62642
6.01215
0.657417
8.41867
0.321665
7.26933
7.40786
5.27821
9.73965
4.97083
7.09221
1.30437
1.52078
1.36719
7.17296
7.91119
0.670112
6.65247
9.2075
8.35912
4.50697
4.80109
2.70278
8.89899
0.662867
3.51719
6.21153
8.83239
1.04153
6.69494
8.49934
0.249373
9.41344
0.0337911
1.62476
5.60974
9.24522
2.02854
7.18125
8.54604
5.63898
6.31087
0.381249
3.8379
6.00338
3.5396
1.17941
0.465621
0.703795
8.80087
5.28826
2.48068
6.0657
2.62955
4.15188
3.12969
5.30224
2.97434
4.97749
2.5899
3.96277
1.93289
4.72089
3.47241
9.2626
4.49777
3.64291
4.81819
3.31872
5.26233
3.46829
8.49855
5.75549
6.76302
2.62755
4.88968
6.99939
2.99222
6.34653
0.212978
2.32228
1.58226
2.97375
8.93793
5.67099
3.1513
1.31602
0.879302
1.20145
5.15282
7.38608
9.6432
8.91333
5.48893
4.53493
8.87626
7.70573
8.85192
1.78905
9.4678
6.14275
9.57891
2.03262
9.55576
7.86478
4.69505
8.31105
8.22612
1.45352
5.58777
6.67825
7.1858
1.38172
5.19512
4.70468
4.56412
1.12128
6.45835
4.83184
5.45152
3.78258
4.37941
6.20461
7.09902
4.74289
9.32542
9.86414
4.66338
0.432845
5.74025
2.85623
7.80404
9.90947
3.03075
3.64143
0.542982
1.02566
5.09209
3.24214
8.97168
8.85865
5.81642
3.67723
8.75322
2.19311
9.53027
2.44664
0.687996
9.59713
0.989895
9.89525
5.46141
7.16468
1.2348
3.27055
2.18788
6.02802
6.92412
5.50805
7.95211
8.81387
9.03102
9.53156
8.61256
3.70234
3.79156
1.18509
0.751427
2.68903
4.30596
1.88085
5.35887
3.6644
5.97363
5.65731
8.34634
0.603344
1.36039
0.32614
4.08783
0.363803
2.86056
5.00339
0.315762
3.1335
4.88871
1.3265
5.92878
0.0245047
7.55949
6.30725
6.83072
5.0609
1.92808
5.18116
4.80216
8.13411
9.06306
5.78378
1.08019
4.55097
4.90993
5.43981
7.24678
5.09412
3.93664
9.68853
7.03176
0.687389
3.85754
0.442282
2.563
4.84392
7.52219
0.467964
1.64842
7.02576
1.57067
4.08654
9.67783
7.10236
9.82203
0.982358
6.98383
0.336583
3.30138
7.60023
1.04983
9.6848
5.02879
7.03545
3.90276
6.32666
6.39777
4.09757
2.60782
2.11818
8.5618
1.43662
5.68224
7.29118
2.61174
8.82771
5.61493
7.79693
5.19452
8.19228
2.34559
9.66381
9.97492
7.05476
9.18362
1.19271
0.89764
6.25704
8.66265
3.80539
5.89099
7.93701
6.13693
6.27158
2.08201
7.14445
1.16173
1.48429
4.71081
3.3347
2.69843
9.98029
2.77091
5.66203
0.870208
7.26453
6.58773
0.00679851
6.52565
0.47173
5.91455
5.71128
0.590366
9.47959
5.57832
2.2295
2.15176
9.04247
7.55366
4.52752
2.23555
4.86032
7.47229
7.05285
8.25744
2.13312
8.74444
6.62114
4.46608
3.06423
4.18713
5.60102
0.128525
3.39494
1.19979
6.27219
5.07129
8.40123
3.29056
4.4165
5.0917
0.423902
4.31823
0.661668
6.10072
9.69081
0.189641
0.901722
1.61238
1.73102
5.22625
6.66181
6.37245
9.36903
7.3315
9.83064
2.38609
2.40912
4.83226
5.43868
2.91505
6.37299
1.84331
9.5556
0.0734448
1.94518
6.90253
6.95033
1.6544
3.4519
0.03317
1.97762
8.82957
7.44002
1.65785
1.00947
9.35674
1.3806
9.39204
6.69531
8.19738
5.98466
9.38654
6.8856
1.32562
8.1354
5.84858
5.23753
6.86826
0.986068
0.00285864
5.59846
5.25886
5.30256
7.41099
9.46729
3.98767
7.10823
4.84972
4.58255
0.802177
4.4491
9.57959
4.98294
3.58862
2.95411
8.51066
0.519149
0.107958
6.18279
0.958356
3.7195
4.34543
9.20298
9.61788
1.68295
3.89908
6.65221
8.77372
5.90734
6.2619
8.57926
6.23694
9.20516
3.82984
1.14886
7.09159
1.69638
2.02341
3.01388
2.61545
6.03194
8.24906
0.78348
8.69822
3.94491
8.17572
2.69769
7.81695
7.71766
1.59489
9.98381
5.96506
1.49245
2.45767
9.68325
5.53255
9.94418
3.94871
1.56157
6.80568
3.27142
5.13872
3.24583
6.04272
9.23572
5.2852
7.57905
5.13687
4.99056
1.59206
5.01021
4.34574
7.93671
1.08514
0.490679
4.66314
7.10318
0.609274
2.374
2.41345
9.06394
4.85727
5.24654
2.0931
3.23752
7.66118
6.4052
7.0526
8.01649
0.364244
3.06391
5.68746
2.70106
1.2993
7.86433
7.59294
9.31968
1.84256
6.88951
1.93444
2.2473
6.07355
1.97736
0.314027
7.32888
8.23061
9.30512
8.95191
2.05079
1.97095
3.19544
3.83684
2.81738
4.49796
6.51259
4.68255
9.06183
7.53909
8.41507
7.74136
0.692687
3.66585
1.84812
3.94746
4.60183
8.60519
5.26699
8.4625
8.54418
3.03018
4.09371
6.80399
3.31767
8.97716
1.67372
4.43425
8.92001
7.63757
1.78807
5.57845
3.96665
6.02629
2.49835
7.19556
3.75466
3.19517
0.419707
2.73171
6.74539
7.34116
5.90262
7.36413
6.48073
7.55189
2.38801
3.80781
2.37387
5.20195
4.39639
3.41255
7.64282
5.98158
1.08887
3.05253
3.71282
6.65723
4.93698
7.11301
2.4704
7.75458
4.04099
3.73566
5.21361
4.83239
0.264797
5.46082
4.22992
8.96836
0.918541
8.31778
3.7007
6.42846
8.67758
9.04073
5.90145
6.54044
3.28515
2.7456
0.508701
4.59397
0.919315
2.45116
6.3771
3.83365
5.53576
3.6143
0.35387
0.947447
7.64006
9.07109
4.223
6.94269
3.61792
7.98435
2.05258
4.13553
7.68797
5.3443
4.9907
1.4638
0.612873
2.40529
2.06268
0.715868
0.688878
4.57178
8.66153
2.19235
9.67776
0.638818
7.83406
5.32059
7.12929
8.46753
3.76371
7.68429
7.46579
1.55693
5.27571
5.85316
6.89228
0.429456
2.31991
2.10776
6.47108
2.75988
1.76305
7.64199
8.24039
2.66182
1.12335
8.09093
8.24212
9.19888
5.46875
5.08366
0.555515
1.19475
0.290709
2.64173
9.9287
0.518326
4.2486
0.144571
0.849639
4.33504
0.693663
3.26453
0.294943
4.45931
0.449638
3.83756
9.20532
1.83697
8.95029
0.487295
5.76205
9.59551
2.03548
8.28084
9.22475
8.70171
2.89496
3.3539
6.52458
6.12259
6.84092
0.293649
6.72575
5.8534
9.9001
0.983312
2.97495
7.80146
5.70019
0.934422
7.68999
8.15388
2.66367
6.77239
0.302367
3.33593
9.56033
2.25918
1.24708
6.64562
3.46152
6.68616
3.90203
1.92155
3.08586
0.794133
9.21772
9.72161
9.14809
8.16699
1.06449
9.75286
4.07212
0.359877
4.23524
0.460551
8.1054
7.28666
2.70322
3.37645
8.45987
4.86807
0.345565
6.02962
2.42957
4.41465
3.24289
3.57854
4.26342
6.97707
1.71233
3.32702
8.39671
8.9424
0.672948
1.89677
5.86428
5.9238
9.24808
8.5239
8.48568
5.63033
0.148535
7.79809
5.43161
6.01167
8.02238
5.01474
3.51965
4.01947
3.04948
3.67711
7.93895
9.66684
7.60369
5.84454
0.243946
7.78115
9.62484
0.133338
4.41621
2.41615
3.37066
2.52792
9.56167
3.9003
7.85614
4.97409
6.78464
6.68245
4.37689
6.41116
5.90372
0.825247
6.36744
6.38183
5.19413
9.76555
2.22751
3.24813
1.02087
9.94789
8.66716
2.72943
2.37755
6.06309
0.966825
7.22208
0.805803
9.77776
4.8417
1.4166
7.92528
9.41092
6.40998
1.04837
7.01833
5.18387
6.263
6.56391
8.48874
7.85806
0.749602
1.03598
7.58308
3.54496
1.40655
0.00757694
9.02531
0.110354
5.56532
1.66459
5.81347
5.00996
8.8327
1.81726
5.31614
7.62385
7.10356
8.12175
7.46162
1.68903
5.08138
0.740212
0.0437009
6.42762
4.23606
9.95016
9.94352
0.960244
5.28715
2.99676
6.47152
8.24171
8.9283
9.30531
1.3523
4.39971
4.67427
1.84116
5.16194
0.951859
1.26993
6.71968
2.32681
6.96437
8.28803
4.40571
0.0654089
8.75139
0.249846
2.83587
6.48106
3.38094
7.29947
0.772948
0.964309
7.98217
9.00331
9.25003
0.592971
9.52644
9.74984
1.45424
3.16516
7.55857
4.90359
8.2914
2.04041
3.06385
2.97421
8.83071
7.48093
0.186983
8.647
6.6103
2.35183
5.48622
1.91728
2.00901
1.18243
5.6054
5.53208
9.75734
4.20061
0.790961
7.33908
4.9728
2.29469
0.894862
3.71687
3.77847
1.86768
7.14493
2.97474
1.01891
3.67522
1.24965
1.59617
7.67118
3.93477
3.56935
5.7864
9.69994
9.86485
0.154856
6.70631
4.49615
9.61214
5.85419
0.094198
4.76948
6.37168
3.35706
0.553603
9.12076
1.1687
8.28812
4.10787
4.12878
5.78378
9.13802
9.75892
0.860357
9.24419
0.107132
7.30652
2.8537
2.89729
0.831562
4.49008
1.43206
2.86607
1.59864
6.54279
6.14988
9.42152
7.50046
0.660297
4.74411
2.47429
5.32666
7.32008
1.15155
9.97723
5.19467
9.5113
7.81532
4.81411
6.0107
5.29919
4.9783
6.48435
5.1849
9.09304
9.01759
5.28427
2.96451
1.3623
5.97602
1.32901
4.09704
7.75973
4.89662
5.13995
3.29101
4.65148
6.95083
6.05322
8.31988
9.66475
0.233942
1.88391
6.42478
3.71291
5.14324
7.89617
7.23546
9.35899
8.42131
9.36889
8.38686
9.9536
8.76454
1.70322
5.25015
1.75999
0.89224
4.14336
7.34529
2.4173
8.41574
4.18654
2.82327
8.31772
6.7865
7.3187
7.85761
8.99477
5.78022
2.02191
9.42171
8.53205
1.4067
7.33362
2.30187
1.0785
2.40126
2.15096
0.162331
6.45949
7.13491
1.20761
5.57225
4.57758
9.06369
9.8979
9.93583
5.87363
1.6552
1.25572
6.14652
4.01097
7.40795
4.28498
7.77859
7.58121
7.29682
5.70911
6.22667
6.99835
3.77198
2.12357
7.34784
9.83775
0.253812
9.09448
5.04804
5.9771
5.71378
7.72638
6.68133
5.77429
5.56923
7.3396
6.32369
4.1136
6.07787
0.709945
5.95231
1.55388
0.603813
6.66865
0.601461
0.756402
0.211692
3.06915
3.93153
8.73257
2.95334
3.92567
1.97739
4.31542
4.9867
1.66744
4.44649
4.09602
3.94166
3.1449
8.44168
3.03882
5.53908
2.21052
4.61701
5.45577
7.48484
4.83846
2.24347
5.56115
2.22874
4.21721
0.0179291
3.68926
1.8448
5.04194
7.66673
7.65385
1.09532
6.54359
5.68438
3.94158
4.8575
5.1209
6.08584
4.73825
9.27971
0.780553
9.55393
9.69023
3.37254
2.28272
4.20588
4.09105
5.14973
1.99993
9.33913
0.617471
0.736704
1.62463
1.84509
4.56447
1.69172
3.63254
2.38533
3.90781
8.23703
1.69366
3.62818
9.44762
4.00352
5.18003
3.39174
3.06129
4.8796
2.77456
1.00315
9.63857
1.82176
8.00591
9.21652
0.826245
0.0067842
5.82686
1.61955
8.47672
4.04007
5.06173
1.6574
4.70229
8.48542
4.17551
7.82949
1.49202
0.838426
2.23459
2.30488
3.66715
6.04312
1.29911
4.60204
5.26896
5.76106
1.16705
0.175208
0.65942
4.84113
5.58459
6.10567
0.717711
0.774429
2.84493
8.53865
8.09578
5.78267
1.85083
5.85302
5.74203
0.708312
2.76374
7.31467
6.22204
4.78738
4.72599
3.59014
2.44298
9.72472
5.22246
9.15276
0.0267172
2.85119
1.15416
2.52374
0.939449
6.70264
0.41973
9.62017
4.67171
2.22497
3.68189
1.74211
5.76664
4.05017
7.83395
7.20066
6.6212
2.94524
0.898839
9.44264
6.49907
2.98502
0.995792
5.56999
9.9463
6.7045
4.60426
2.44298
3.90946
7.79008
5.11316
2.33007
2.44786
0.520507
9.3111
8.20643
6.66717
6.88725
4.83739
6.03495
1.40954
9.34256
7.81343
9.75474
5.22138
0.258249
4.74577
8.47933
1.68885
9.80586
1.30986
8.97975
4.49523
5.95548
2.77137
9.89515
8.23136
7.90995
1.0936
